<?xml version="1.0" encoding="UTF-8"?>
<testsuite name="nz.BuildingSupplies" tests="1" skipped="0" failures="0" errors="0" timestamp="2021-10-06T23:13:17" hostname="asy-wgn-044" time="0.155">
  <properties/>
  <testcase name="[Concordion Specification for 'BuildingSupplies']" classname="nz.BuildingSupplies" time="0.155"/>
  <system-out><![CDATA[
file:///var/folders/_n/pqxflvzx5n72x6by897d722h0000gp/T/concordion/nz/BuildingSupplies.html
Successes: 10, Failures: 0
]]></system-out>
  <system-err><![CDATA[]]></system-err>
</testsuite>
